{"metadata":{"expose":true,"statusCode":400,"status":400,"body":"{\r\n    \"role\":\"Member\",\r\n    \"email\":,\r\n    \"name\":1,\r\n    \"gender\":\"male\"\r\n\r\n}","type":"entity.parse.failed"},"level":"error","message":"Unexpected token , in JSON at position 37"}
{"metadata":{"errors":{"email":{"name":"ValidatorError","message":"Path `email` is required.","properties":{"message":"Path `email` is required.","type":"required","path":"email","value":""},"kind":"required","path":"email","value":""}},"_message":"User validation failed","message":"User validation failed: email: Path `email` is required."},"level":"error","message":"User validation failed: email: Path `email` is required."}
{"metadata":{"driver":true,"name":"MongoError","index":0,"code":11000,"keyPattern":{"email":1},"keyValue":{"email":"122133546"}},"level":"error","message":"E11000 duplicate key error collection: GreenMatters.users index: email_1 dup key: { email: \"122133546\" }"}
{"metadata":{"driver":true,"name":"MongoError","index":0,"code":11000,"keyPattern":{"email":1},"keyValue":{"email":"nithin.kumarj@g7cr.in"}},"level":"error","message":"E11000 duplicate key error collection: GreenMatters.users index: email_1 dup key: { email: \"nithin.kumarj@g7cr.in\" }"}
{"metadata":{"code":"ERR_HTTP_HEADERS_SENT"},"level":"error","message":"Cannot set headers after they are sent to the client"}
{"metadata":{"code":"ERR_HTTP_HEADERS_SENT"},"level":"error","message":"Cannot set headers after they are sent to the client"}
{"metadata":{"code":"ERR_HTTP_HEADERS_SENT"},"level":"error","message":"Cannot set headers after they are sent to the client"}
{"metadata":{"stringValue":"\"5fead395472543317021351b2\"","kind":"ObjectId","value":"5fead395472543317021351b2","path":"_id","reason":{}},"level":"error","message":"Cast to ObjectId failed for value \"5fead395472543317021351b2\" at path \"_id\" for model \"User\""}
{"metadata":{"code":"ERR_HTTP_HEADERS_SENT"},"level":"error","message":"Cannot set headers after they are sent to the client"}
{"metadata":{"code":"ERR_HTTP_HEADERS_SENT"},"level":"error","message":"Cannot set headers after they are sent to the client"}
{"metadata":{"stringValue":"\"5fead395472543317021351\"","kind":"ObjectId","value":"5fead395472543317021351","path":"_id","reason":{}},"level":"error","message":"Cast to ObjectId failed for value \"5fead395472543317021351\" at path \"_id\" for model \"User\""}
{"metadata":{"stringValue":"\"5fead395472543317021351\"","kind":"ObjectId","value":"5fead395472543317021351","path":"_id","reason":{}},"level":"error","message":"Cast to ObjectId failed for value \"5fead395472543317021351\" at path \"_id\" for model \"User\""}
{"metadata":{"stringValue":"\"5fead395472543317021351\"","kind":"ObjectId","value":"5fead395472543317021351","path":"_id","reason":{}},"level":"error","message":{"stringValue":"\"5fead395472543317021351\"","kind":"ObjectId","value":"5fead395472543317021351","path":"_id","reason":{}}}
{"metadata":{"stringValue":"\"5fead395472543317021351\"","kind":"ObjectId","value":"5fead395472543317021351","path":"_id","reason":{}},"level":"error","message":{"stringValue":"\"5fead395472543317021351\"","kind":"ObjectId","value":"5fead395472543317021351","path":"_id","reason":{}}}
{"metadata":{"stringValue":"\"5fead395472543317021351\"","kind":"ObjectId","value":"5fead395472543317021351","path":"_id","reason":{}},"level":"error","message":{"stringValue":"\"5fead395472543317021351\"","kind":"ObjectId","value":"5fead395472543317021351","path":"_id","reason":{}}}
{"metadata":{"code":"ERR_HTTP_HEADERS_SENT"},"level":"error","message":"Cannot set headers after they are sent to the client"}
{"metadata":{"code":"ERR_HTTP_HEADERS_SENT"},"level":"error","message":"Cannot set headers after they are sent to the client"}
{"metadata":{"code":"ERR_HTTP_HEADERS_SENT"},"level":"error","message":"Cannot set headers after they are sent to the client"}
{"metadata":{"code":"ERR_HTTP_HEADERS_SENT"},"level":"error","message":"Cannot set headers after they are sent to the client"}
{"metadata":{"code":"ERR_HTTP_HEADERS_SENT"},"level":"error","message":"Cannot set headers after they are sent to the client"}
{"metadata":{"code":"ERR_HTTP_HEADERS_SENT"},"level":"error","message":"Cannot set headers after they are sent to the client"}
{"metadata":{"code":"ERR_HTTP_HEADERS_SENT"},"level":"error","message":"Cannot set headers after they are sent to the client"}
{"metadata":{"code":"ERR_HTTP_HEADERS_SENT"},"level":"error","message":"Cannot set headers after they are sent to the client"}
{"metadata":{"code":"ERR_HTTP_HEADERS_SENT"},"level":"error","message":"Cannot set headers after they are sent to the client"}
{"metadata":{"code":"ERR_HTTP_HEADERS_SENT"},"level":"error","message":"Cannot set headers after they are sent to the client"}
{"metadata":{"code":"ERR_HTTP_HEADERS_SENT"},"level":"error","message":"Cannot set headers after they are sent to the client"}
{"metadata":{"code":"ERR_HTTP_HEADERS_SENT"},"level":"error","message":"Cannot set headers after they are sent to the client"}
{"metadata":{"code":"ERR_HTTP_HEADERS_SENT"},"level":"error","message":"Cannot set headers after they are sent to the client"}
{"metadata":{"code":"ERR_HTTP_HEADERS_SENT"},"level":"error","message":"Cannot set headers after they are sent to the client"}
{"metadata":{"code":"ERR_HTTP_HEADERS_SENT"},"level":"error","message":"Cannot set headers after they are sent to the client"}
{"metadata":{"code":"ERR_HTTP_HEADERS_SENT"},"level":"error","message":"Cannot set headers after they are sent to the client"}
{"metadata":{"code":"ERR_HTTP_HEADERS_SENT"},"level":"error","message":"Cannot set headers after they are sent to the client"}
{"metadata":{"code":"ERR_HTTP_HEADERS_SENT"},"level":"error","message":"Cannot set headers after they are sent to the client"}
{"metadata":{"code":"ERR_HTTP_HEADERS_SENT"},"level":"error","message":"Cannot set headers after they are sent to the client"}
{"metadata":{"code":"ERR_HTTP_HEADERS_SENT"},"level":"error","message":"Cannot set headers after they are sent to the client"}
{"metadata":{"code":"ERR_HTTP_HEADERS_SENT"},"level":"error","message":"Cannot set headers after they are sent to the client"}
{"metadata":{"code":"ERR_HTTP_HEADERS_SENT"},"level":"error","message":"Cannot set headers after they are sent to the client"}
{"metadata":{"code":"ERR_HTTP_HEADERS_SENT"},"level":"error","message":"Cannot set headers after they are sent to the client"}
{"metadata":{"code":"ERR_HTTP_HEADERS_SENT"},"level":"error","message":"Cannot set headers after they are sent to the client"}
{"metadata":{"code":"ERR_HTTP_HEADERS_SENT"},"level":"error","message":"Cannot set headers after they are sent to the client"}
{"metadata":{"code":"ERR_HTTP_HEADERS_SENT"},"level":"error","message":"Cannot set headers after they are sent to the client"}
{"metadata":{"code":"ERR_HTTP_HEADERS_SENT"},"level":"error","message":"Cannot set headers after they are sent to the client"}
{"metadata":{"code":"ERR_HTTP_HEADERS_SENT"},"level":"error","message":"Cannot set headers after they are sent to the client"}
{"metadata":{"code":"ERR_HTTP_HEADERS_SENT"},"level":"error","message":"Cannot set headers after they are sent to the client"}
{"metadata":{"code":"ERR_HTTP_HEADERS_SENT"},"level":"error","message":"Cannot set headers after they are sent to the client"}
{"metadata":{"code":"ERR_HTTP_HEADERS_SENT"},"level":"error","message":"Cannot set headers after they are sent to the client"}
{"metadata":{"code":"ERR_HTTP_HEADERS_SENT"},"level":"error","message":"Cannot set headers after they are sent to the client"}
{"metadata":{"code":"ERR_HTTP_HEADERS_SENT"},"level":"error","message":"Cannot set headers after they are sent to the client"}
{"metadata":{"code":"ERR_HTTP_HEADERS_SENT"},"level":"error","message":"Cannot set headers after they are sent to the client"}
{"metadata":{"code":"ERR_HTTP_HEADERS_SENT"},"level":"error","message":"Cannot set headers after they are sent to the client"}
{"metadata":{"code":"ERR_HTTP_HEADERS_SENT"},"level":"error","message":"Cannot set headers after they are sent to the client"}
{"metadata":{"code":"ERR_HTTP_HEADERS_SENT"},"level":"error","message":"Cannot set headers after they are sent to the client"}
{"metadata":{"code":"ERR_HTTP_HEADERS_SENT"},"level":"error","message":"Cannot set headers after they are sent to the client"}
{"metadata":{"code":"ERR_HTTP_HEADERS_SENT"},"level":"error","message":"Cannot set headers after they are sent to the client"}
{"metadata":{"code":"ERR_HTTP_HEADERS_SENT"},"level":"error","message":"Cannot set headers after they are sent to the client"}
{"metadata":{"code":"ERR_HTTP_HEADERS_SENT"},"level":"error","message":"Cannot set headers after they are sent to the client"}
{"metadata":{"code":"ERR_HTTP_HEADERS_SENT"},"level":"error","message":"Cannot set headers after they are sent to the client"}
{"metadata":{"code":"ERR_HTTP_HEADERS_SENT"},"level":"error","message":"Cannot set headers after they are sent to the client"}
{"metadata":{"code":"ERR_HTTP_HEADERS_SENT"},"level":"error","message":"Cannot set headers after they are sent to the client"}
{"metadata":{"code":"ERR_HTTP_HEADERS_SENT"},"level":"error","message":"Cannot set headers after they are sent to the client"}
{"metadata":{"code":"ERR_HTTP_HEADERS_SENT"},"level":"error","message":"Cannot set headers after they are sent to the client"}
{"metadata":{"code":"ERR_HTTP_HEADERS_SENT"},"level":"error","message":"Cannot set headers after they are sent to the client"}
{"metadata":{"code":"ERR_HTTP_HEADERS_SENT"},"level":"error","message":"Cannot set headers after they are sent to the client"}
{"metadata":{"code":"ERR_HTTP_HEADERS_SENT"},"level":"error","message":"Cannot set headers after they are sent to the client"}
{"metadata":{"code":"ERR_HTTP_HEADERS_SENT"},"level":"error","message":"Cannot set headers after they are sent to the client"}
{"metadata":{"code":"ERR_HTTP_HEADERS_SENT"},"level":"error","message":"Cannot set headers after they are sent to the client"}
{"metadata":{"code":"ERR_HTTP_HEADERS_SENT"},"level":"error","message":"Cannot set headers after they are sent to the client"}
{"metadata":{"code":"ERR_HTTP_HEADERS_SENT"},"level":"error","message":"Cannot set headers after they are sent to the client"}
{"metadata":{"code":"ERR_HTTP_HEADERS_SENT"},"level":"error","message":"Cannot set headers after they are sent to the client"}
{"metadata":{"code":"ERR_HTTP_HEADERS_SENT"},"level":"error","message":"Cannot set headers after they are sent to the client"}
{"metadata":{"code":"ERR_HTTP_HEADERS_SENT"},"level":"error","message":"Cannot set headers after they are sent to the client"}
{"metadata":{"code":"ERR_HTTP_HEADERS_SENT"},"level":"error","message":"Cannot set headers after they are sent to the client"}
{"metadata":{"code":"ERR_HTTP_HEADERS_SENT"},"level":"error","message":"Cannot set headers after they are sent to the client"}
{"metadata":{"code":"ERR_HTTP_HEADERS_SENT"},"level":"error","message":"Cannot set headers after they are sent to the client"}
{"metadata":{"code":"ERR_HTTP_HEADERS_SENT"},"level":"error","message":"Cannot set headers after they are sent to the client"}
{"metadata":{"code":"ERR_HTTP_HEADERS_SENT"},"level":"error","message":"Cannot set headers after they are sent to the client"}
{"metadata":{"code":"ERR_HTTP_HEADERS_SENT"},"level":"error","message":"Cannot set headers after they are sent to the client"}
{"metadata":{"code":"ERR_HTTP_HEADERS_SENT"},"level":"error","message":"Cannot set headers after they are sent to the client"}
{"metadata":{"code":"ERR_HTTP_HEADERS_SENT"},"level":"error","message":"Cannot set headers after they are sent to the client"}
{"metadata":{"code":"ERR_HTTP_HEADERS_SENT"},"level":"error","message":"Cannot set headers after they are sent to the client"}
{"metadata":{"code":"ERR_HTTP_HEADERS_SENT"},"level":"error","message":"Cannot set headers after they are sent to the client"}
{"metadata":{"code":"ERR_HTTP_HEADERS_SENT"},"level":"error","message":"Cannot set headers after they are sent to the client"}
{"metadata":{"code":"ERR_HTTP_HEADERS_SENT"},"level":"error","message":"Cannot set headers after they are sent to the client"}
{"metadata":{"code":"ERR_HTTP_HEADERS_SENT"},"level":"error","message":"Cannot set headers after they are sent to the client"}
{"metadata":{"code":"ERR_HTTP_HEADERS_SENT"},"level":"error","message":"Cannot set headers after they are sent to the client"}
{"metadata":{"code":"ERR_HTTP_HEADERS_SENT"},"level":"error","message":"Cannot set headers after they are sent to the client"}
{"metadata":{"code":"ERR_HTTP_HEADERS_SENT"},"level":"error","message":"Cannot set headers after they are sent to the client"}
{"metadata":{"code":"ERR_HTTP_HEADERS_SENT"},"level":"error","message":"Cannot set headers after they are sent to the client"}
{"metadata":{"code":"ERR_HTTP_HEADERS_SENT"},"level":"error","message":"Cannot set headers after they are sent to the client"}
{"metadata":{"code":"ERR_HTTP_HEADERS_SENT"},"level":"error","message":"Cannot set headers after they are sent to the client"}
{"metadata":{"code":"ERR_HTTP_HEADERS_SENT"},"level":"error","message":"Cannot set headers after they are sent to the client"}
{"metadata":{"code":"ERR_HTTP_HEADERS_SENT"},"level":"error","message":"Cannot set headers after they are sent to the client"}
{"metadata":{"code":"ERR_HTTP_HEADERS_SENT"},"level":"error","message":"Cannot set headers after they are sent to the client"}
{"metadata":{"code":"ERR_HTTP_HEADERS_SENT"},"level":"error","message":"Cannot set headers after they are sent to the client"}
{"metadata":{"code":"ERR_HTTP_HEADERS_SENT"},"level":"error","message":"Cannot set headers after they are sent to the client"}
{"metadata":{"code":"ERR_HTTP_HEADERS_SENT"},"level":"error","message":"Cannot set headers after they are sent to the client"}
{"metadata":{"code":"ERR_HTTP_HEADERS_SENT"},"level":"error","message":"Cannot set headers after they are sent to the client"}
{"metadata":{"code":"ERR_HTTP_HEADERS_SENT"},"level":"error","message":"Cannot set headers after they are sent to the client"}
{"metadata":{"code":"ERR_HTTP_HEADERS_SENT"},"level":"error","message":"Cannot set headers after they are sent to the client"}
{"metadata":{"code":"ERR_HTTP_HEADERS_SENT"},"level":"error","message":"Cannot set headers after they are sent to the client"}
{"metadata":{"code":"ERR_HTTP_HEADERS_SENT"},"level":"error","message":"Cannot set headers after they are sent to the client"}
{"metadata":{"code":"ERR_HTTP_HEADERS_SENT"},"level":"error","message":"Cannot set headers after they are sent to the client"}
{"metadata":{"code":"ERR_HTTP_HEADERS_SENT"},"level":"error","message":"Cannot set headers after they are sent to the client"}
{"metadata":{"code":"ERR_HTTP_HEADERS_SENT"},"level":"error","message":"Cannot set headers after they are sent to the client"}
{"metadata":{"code":"ERR_HTTP_HEADERS_SENT"},"level":"error","message":"Cannot set headers after they are sent to the client"}
{"metadata":{"code":"ERR_HTTP_HEADERS_SENT"},"level":"error","message":"Cannot set headers after they are sent to the client"}
{"metadata":{"code":"ERR_HTTP_HEADERS_SENT"},"level":"error","message":"Cannot set headers after they are sent to the client"}
{"metadata":{"code":"ERR_HTTP_HEADERS_SENT"},"level":"error","message":"Cannot set headers after they are sent to the client"}
{"metadata":{"code":"ERR_HTTP_HEADERS_SENT"},"level":"error","message":"Cannot set headers after they are sent to the client"}
{"metadata":{"code":"ERR_HTTP_HEADERS_SENT"},"level":"error","message":"Cannot set headers after they are sent to the client"}
{"metadata":{"code":"ERR_HTTP_HEADERS_SENT"},"level":"error","message":"Cannot set headers after they are sent to the client"}
{"metadata":{"code":"ERR_HTTP_HEADERS_SENT"},"level":"error","message":"Cannot set headers after they are sent to the client"}
{"metadata":{"code":"ERR_HTTP_HEADERS_SENT"},"level":"error","message":"Cannot set headers after they are sent to the client"}
{"metadata":{"code":"ERR_HTTP_HEADERS_SENT"},"level":"error","message":"Cannot set headers after they are sent to the client"}
{"metadata":{"code":"ERR_HTTP_HEADERS_SENT"},"level":"error","message":"Cannot set headers after they are sent to the client"}
{"metadata":{"code":"ERR_HTTP_HEADERS_SENT"},"level":"error","message":"Cannot set headers after they are sent to the client"}
{"metadata":{"code":"ERR_HTTP_HEADERS_SENT"},"level":"error","message":"Cannot set headers after they are sent to the client"}
{"metadata":{"code":"ERR_HTTP_HEADERS_SENT"},"level":"error","message":"Cannot set headers after they are sent to the client"}
{"metadata":{"code":"ERR_HTTP_HEADERS_SENT"},"level":"error","message":"Cannot set headers after they are sent to the client"}
{"metadata":{"code":"ERR_HTTP_HEADERS_SENT"},"level":"error","message":"Cannot set headers after they are sent to the client"}
{"metadata":{"code":"ERR_HTTP_HEADERS_SENT"},"level":"error","message":"Cannot set headers after they are sent to the client"}
{"metadata":{"code":"ERR_HTTP_HEADERS_SENT"},"level":"error","message":"Cannot set headers after they are sent to the client"}
{"metadata":{"code":"ERR_HTTP_HEADERS_SENT"},"level":"error","message":"Cannot set headers after they are sent to the client"}
{"metadata":{"code":"ERR_HTTP_HEADERS_SENT"},"level":"error","message":"Cannot set headers after they are sent to the client"}
{"metadata":{"code":"ERR_HTTP_HEADERS_SENT"},"level":"error","message":"Cannot set headers after they are sent to the client"}
{"metadata":{"code":"ERR_HTTP_HEADERS_SENT"},"level":"error","message":"Cannot set headers after they are sent to the client"}
{"metadata":{"code":"ERR_HTTP_HEADERS_SENT"},"level":"error","message":"Cannot set headers after they are sent to the client"}
{"metadata":{"code":"ERR_HTTP_HEADERS_SENT"},"level":"error","message":"Cannot set headers after they are sent to the client"}
{"metadata":{"code":"ERR_HTTP_HEADERS_SENT"},"level":"error","message":"Cannot set headers after they are sent to the client"}
{"metadata":{"code":"ERR_HTTP_HEADERS_SENT"},"level":"error","message":"Cannot set headers after they are sent to the client"}
{"metadata":{"code":"ERR_HTTP_HEADERS_SENT"},"level":"error","message":"Cannot set headers after they are sent to the client"}
{"metadata":{"code":"ERR_HTTP_HEADERS_SENT"},"level":"error","message":"Cannot set headers after they are sent to the client"}
{"metadata":{"code":"ERR_HTTP_HEADERS_SENT"},"level":"error","message":"Cannot set headers after they are sent to the client"}
{"metadata":{"code":"ERR_HTTP_HEADERS_SENT"},"level":"error","message":"Cannot set headers after they are sent to the client"}
{"metadata":{"code":"ERR_HTTP_HEADERS_SENT"},"level":"error","message":"Cannot set headers after they are sent to the client"}
{"metadata":{"code":"ERR_HTTP_HEADERS_SENT"},"level":"error","message":"Cannot set headers after they are sent to the client"}
{"metadata":{"code":"ERR_HTTP_HEADERS_SENT"},"level":"error","message":"Cannot set headers after they are sent to the client"}
{"metadata":{"code":"ERR_HTTP_HEADERS_SENT"},"level":"error","message":"Cannot set headers after they are sent to the client"}
{"metadata":{"code":"ERR_HTTP_HEADERS_SENT"},"level":"error","message":"Cannot set headers after they are sent to the client"}
{"metadata":{"code":"ERR_HTTP_HEADERS_SENT"},"level":"error","message":"Cannot set headers after they are sent to the client"}
{"metadata":{"code":"ERR_HTTP_HEADERS_SENT"},"level":"error","message":"Cannot set headers after they are sent to the client"}
{"metadata":{"code":"ERR_HTTP_HEADERS_SENT"},"level":"error","message":"Cannot set headers after they are sent to the client"}
{"metadata":{"code":"ERR_HTTP_HEADERS_SENT"},"level":"error","message":"Cannot set headers after they are sent to the client"}
{"metadata":{"code":"ERR_HTTP_HEADERS_SENT"},"level":"error","message":"Cannot set headers after they are sent to the client"}
{"metadata":{"code":"ERR_HTTP_HEADERS_SENT"},"level":"error","message":"Cannot set headers after they are sent to the client"}
{"metadata":{"code":"ERR_HTTP_HEADERS_SENT"},"level":"error","message":"Cannot set headers after they are sent to the client"}
{"metadata":{"code":"ERR_HTTP_HEADERS_SENT"},"level":"error","message":"Cannot set headers after they are sent to the client"}
{"metadata":{"code":"ERR_HTTP_HEADERS_SENT"},"level":"error","message":"Cannot set headers after they are sent to the client"}
{"metadata":{"code":"ERR_HTTP_HEADERS_SENT"},"level":"error","message":"Cannot set headers after they are sent to the client"}
{"metadata":{"code":"ERR_HTTP_HEADERS_SENT"},"level":"error","message":"Cannot set headers after they are sent to the client"}
{"metadata":{"code":"ERR_HTTP_HEADERS_SENT"},"level":"error","message":"Cannot set headers after they are sent to the client"}
{"metadata":{"code":"ERR_HTTP_HEADERS_SENT"},"level":"error","message":"Cannot set headers after they are sent to the client"}
{"metadata":{"code":"ERR_HTTP_HEADERS_SENT"},"level":"error","message":"Cannot set headers after they are sent to the client"}
{"metadata":{"code":"ERR_HTTP_HEADERS_SENT"},"level":"error","message":"Cannot set headers after they are sent to the client"}
{"metadata":{"code":"ERR_HTTP_HEADERS_SENT"},"level":"error","message":"Cannot set headers after they are sent to the client"}
{"metadata":{"code":"ERR_HTTP_HEADERS_SENT"},"level":"error","message":"Cannot set headers after they are sent to the client"}
{"metadata":{"code":"ERR_HTTP_HEADERS_SENT"},"level":"error","message":"Cannot set headers after they are sent to the client"}
{"metadata":{"code":"ERR_HTTP_HEADERS_SENT"},"level":"error","message":"Cannot set headers after they are sent to the client"}
{"metadata":{"code":"ERR_HTTP_HEADERS_SENT"},"level":"error","message":"Cannot set headers after they are sent to the client"}
{"metadata":{"code":"ERR_HTTP_HEADERS_SENT"},"level":"error","message":"Cannot set headers after they are sent to the client"}
{"metadata":{"code":"ERR_HTTP_HEADERS_SENT"},"level":"error","message":"Cannot set headers after they are sent to the client"}
{"metadata":{"code":"ERR_HTTP_HEADERS_SENT"},"level":"error","message":"Cannot set headers after they are sent to the client"}
{"metadata":{"code":"ERR_HTTP_HEADERS_SENT"},"level":"error","message":"Cannot set headers after they are sent to the client"}
{"metadata":{"code":"ERR_HTTP_HEADERS_SENT"},"level":"error","message":"Cannot set headers after they are sent to the client"}
{"metadata":{"code":"ERR_HTTP_HEADERS_SENT"},"level":"error","message":"Cannot set headers after they are sent to the client"}
{"metadata":{"code":"ERR_HTTP_HEADERS_SENT"},"level":"error","message":"Cannot set headers after they are sent to the client"}
{"metadata":{"code":"ERR_HTTP_HEADERS_SENT"},"level":"error","message":"Cannot set headers after they are sent to the client"}
{"metadata":{"code":"ERR_HTTP_HEADERS_SENT"},"level":"error","message":"Cannot set headers after they are sent to the client"}
{"metadata":{"code":"ERR_HTTP_HEADERS_SENT"},"level":"error","message":"Cannot set headers after they are sent to the client"}
{"metadata":{"code":"ERR_HTTP_HEADERS_SENT"},"level":"error","message":"Cannot set headers after they are sent to the client"}
{"metadata":{"code":"ERR_HTTP_HEADERS_SENT"},"level":"error","message":"Cannot set headers after they are sent to the client"}
{"metadata":{"code":"ERR_HTTP_HEADERS_SENT"},"level":"error","message":"Cannot set headers after they are sent to the client"}
{"metadata":{"code":"ERR_HTTP_HEADERS_SENT"},"level":"error","message":"Cannot set headers after they are sent to the client"}
{"metadata":{"code":"ERR_HTTP_HEADERS_SENT"},"level":"error","message":"Cannot set headers after they are sent to the client"}
{"metadata":{"code":"ERR_HTTP_HEADERS_SENT"},"level":"error","message":"Cannot set headers after they are sent to the client"}
{"metadata":{"code":"ERR_HTTP_HEADERS_SENT"},"level":"error","message":"Cannot set headers after they are sent to the client"}
{"metadata":{"code":"ERR_HTTP_HEADERS_SENT"},"level":"error","message":"Cannot set headers after they are sent to the client"}
{"metadata":{"code":"ERR_HTTP_HEADERS_SENT"},"level":"error","message":"Cannot set headers after they are sent to the client"}
{"metadata":{"code":"ERR_HTTP_HEADERS_SENT"},"level":"error","message":"Cannot set headers after they are sent to the client"}
{"metadata":{"code":"ERR_HTTP_HEADERS_SENT"},"level":"error","message":"Cannot set headers after they are sent to the client"}
{"metadata":{"code":"ERR_HTTP_HEADERS_SENT"},"level":"error","message":"Cannot set headers after they are sent to the client"}
{"metadata":{"code":"ERR_HTTP_HEADERS_SENT"},"level":"error","message":"Cannot set headers after they are sent to the client"}
{"metadata":{"code":"ERR_HTTP_HEADERS_SENT"},"level":"error","message":"Cannot set headers after they are sent to the client"}
{"metadata":{"code":"ERR_HTTP_HEADERS_SENT"},"level":"error","message":"Cannot set headers after they are sent to the client"}
{"metadata":{"code":"ERR_HTTP_HEADERS_SENT"},"level":"error","message":"Cannot set headers after they are sent to the client"}
{"metadata":{"code":"ERR_HTTP_HEADERS_SENT"},"level":"error","message":"Cannot set headers after they are sent to the client"}
{"metadata":{"code":"ERR_HTTP_HEADERS_SENT"},"level":"error","message":"Cannot set headers after they are sent to the client"}
{"metadata":{"code":"ERR_HTTP_HEADERS_SENT"},"level":"error","message":"Cannot set headers after they are sent to the client"}
{"metadata":{"code":"ERR_HTTP_HEADERS_SENT"},"level":"error","message":"Cannot set headers after they are sent to the client"}
{"metadata":{"code":"ERR_HTTP_HEADERS_SENT"},"level":"error","message":"Cannot set headers after they are sent to the client"}
{"metadata":{"code":"ERR_HTTP_HEADERS_SENT"},"level":"error","message":"Cannot set headers after they are sent to the client"}
{"metadata":{"code":"ERR_HTTP_HEADERS_SENT"},"level":"error","message":"Cannot set headers after they are sent to the client"}
{"metadata":{"code":"ERR_HTTP_HEADERS_SENT"},"level":"error","message":"Cannot set headers after they are sent to the client"}
{"metadata":{"code":"ERR_HTTP_HEADERS_SENT"},"level":"error","message":"Cannot set headers after they are sent to the client"}
{"metadata":{"code":"ERR_HTTP_HEADERS_SENT"},"level":"error","message":"Cannot set headers after they are sent to the client"}
{"metadata":{"driver":true,"name":"MongoError","index":0,"code":11000,"keyPattern":{"email":1},"keyValue":{"email":"thanmai.chikine@g7cr.in"}},"level":"error","message":"E11000 duplicate key error collection: GreenMatters.users index: email_1 dup key: { email: \"thanmai.chikine@g7cr.in\" }"}
{"metadata":{"code":"ERR_HTTP_HEADERS_SENT"},"level":"error","message":"Cannot set headers after they are sent to the client"}
{"metadata":{"code":"ERR_HTTP_HEADERS_SENT"},"level":"error","message":"Cannot set headers after they are sent to the client"}
{"metadata":{"driver":true,"name":"MongoError","index":0,"code":11000,"keyPattern":{"email":1},"keyValue":{"email":"thanmai.chikine@g7cr.in"}},"level":"error","message":"E11000 duplicate key error collection: GreenMatters.users index: email_1 dup key: { email: \"thanmai.chikine@g7cr.in\" }"}
{"metadata":{"code":"ERR_HTTP_HEADERS_SENT"},"level":"error","message":"Cannot set headers after they are sent to the client"}
{"metadata":{"driver":true,"name":"MongoError","index":0,"code":11000,"keyPattern":{"email":1},"keyValue":{"email":"thanmai.chikine@g7cr.in"}},"level":"error","message":"E11000 duplicate key error collection: GreenMatters.users index: email_1 dup key: { email: \"thanmai.chikine@g7cr.in\" }"}
{"metadata":{"driver":true,"name":"MongoError","index":0,"code":11000,"keyPattern":{"email":1},"keyValue":{"email":"thanmai.chikine@g7cr.in"}},"level":"error","message":"E11000 duplicate key error collection: GreenMatters.users index: email_1 dup key: { email: \"thanmai.chikine@g7cr.in\" }"}
{"metadata":{"driver":true,"name":"MongoError","index":0,"code":11000,"keyPattern":{"email":1},"keyValue":{"email":"thanmai.chikine@g7cr.in"}},"level":"error","message":"E11000 duplicate key error collection: GreenMatters.users index: email_1 dup key: { email: \"thanmai.chikine@g7cr.in\" }"}
{"metadata":{"code":"ERR_HTTP_HEADERS_SENT"},"level":"error","message":"Cannot set headers after they are sent to the client"}
{"metadata":{"driver":true,"name":"MongoError","index":0,"code":11000,"keyPattern":{"email":1},"keyValue":{"email":"thanmai.chikine@g7cr.in"}},"level":"error","message":"E11000 duplicate key error collection: GreenMatters.users index: email_1 dup key: { email: \"thanmai.chikine@g7cr.in\" }"}
{"metadata":{"code":"ERR_HTTP_HEADERS_SENT"},"level":"error","message":"Cannot set headers after they are sent to the client"}
{"metadata":{"code":"ERR_HTTP_HEADERS_SENT"},"level":"error","message":"Cannot set headers after they are sent to the client"}
{"metadata":{"code":"ERR_HTTP_HEADERS_SENT"},"level":"error","message":"Cannot set headers after they are sent to the client"}
{"metadata":{"code":"ERR_HTTP_HEADERS_SENT"},"level":"error","message":"Cannot set headers after they are sent to the client"}
{"metadata":{"code":"ERR_HTTP_HEADERS_SENT"},"level":"error","message":"Cannot set headers after they are sent to the client"}
{"metadata":{"code":"ERR_HTTP_HEADERS_SENT"},"level":"error","message":"Cannot set headers after they are sent to the client"}
{"metadata":{"code":"ERR_HTTP_HEADERS_SENT"},"level":"error","message":"Cannot set headers after they are sent to the client"}
{"metadata":{"driver":true,"name":"MongoError","index":0,"code":11000,"keyPattern":{"email":1},"keyValue":{"email":"thanmai.chikine@g7cr.in"}},"level":"error","message":"E11000 duplicate key error collection: GreenMatters.users index: email_1 dup key: { email: \"thanmai.chikine@g7cr.in\" }"}
{"metadata":{"code":"ERR_HTTP_HEADERS_SENT"},"level":"error","message":"Cannot set headers after they are sent to the client"}
{"metadata":{"code":"ERR_HTTP_HEADERS_SENT"},"level":"error","message":"Cannot set headers after they are sent to the client"}
{"metadata":{"code":"ERR_HTTP_HEADERS_SENT"},"level":"error","message":"Cannot set headers after they are sent to the client"}
{"metadata":{"code":"ERR_HTTP_HEADERS_SENT"},"level":"error","message":"Cannot set headers after they are sent to the client"}
{"metadata":{"code":"ERR_HTTP_HEADERS_SENT"},"level":"error","message":"Cannot set headers after they are sent to the client"}
{"metadata":{"code":"ERR_HTTP_HEADERS_SENT"},"level":"error","message":"Cannot set headers after they are sent to the client"}
{"metadata":{"code":"ERR_HTTP_HEADERS_SENT"},"level":"error","message":"Cannot set headers after they are sent to the client"}
{"metadata":{"code":"ERR_HTTP_HEADERS_SENT"},"level":"error","message":"Cannot set headers after they are sent to the client"}
{"metadata":{"code":"ERR_HTTP_HEADERS_SENT"},"level":"error","message":"Cannot set headers after they are sent to the client"}
{"metadata":{"errors":{"role":{"name":"ValidatorError","message":"Path `role` is required.","properties":{"message":"Path `role` is required.","type":"required","path":"role"},"kind":"required","path":"role"},"email":{"name":"ValidatorError","message":"Path `email` is required.","properties":{"message":"Path `email` is required.","type":"required","path":"email"},"kind":"required","path":"email"},"name":{"name":"ValidatorError","message":"Path `name` is required.","properties":{"message":"Path `name` is required.","type":"required","path":"name"},"kind":"required","path":"name"}},"_message":"User validation failed","message":"User validation failed: role: Path `role` is required., email: Path `email` is required., name: Path `name` is required."},"level":"error","message":"User validation failed: role: Path `role` is required., email: Path `email` is required., name: Path `name` is required."}
{"metadata":{"errors":{"role":{"name":"ValidatorError","message":"Path `role` is required.","properties":{"message":"Path `role` is required.","type":"required","path":"role"},"kind":"required","path":"role"},"email":{"name":"ValidatorError","message":"Path `email` is required.","properties":{"message":"Path `email` is required.","type":"required","path":"email"},"kind":"required","path":"email"},"name":{"name":"ValidatorError","message":"Path `name` is required.","properties":{"message":"Path `name` is required.","type":"required","path":"name"},"kind":"required","path":"name"}},"_message":"User validation failed","message":"User validation failed: role: Path `role` is required., email: Path `email` is required., name: Path `name` is required."},"level":"error","message":"User validation failed: role: Path `role` is required., email: Path `email` is required., name: Path `name` is required."}
{"metadata":{"code":"ERR_HTTP_HEADERS_SENT"},"level":"error","message":"Cannot set headers after they are sent to the client"}
{"metadata":{"code":"ERR_HTTP_HEADERS_SENT"},"level":"error","message":"Cannot set headers after they are sent to the client"}
{"metadata":{"code":"ERR_HTTP_HEADERS_SENT"},"level":"error","message":"Cannot set headers after they are sent to the client"}
{"metadata":{"code":"ERR_HTTP_HEADERS_SENT"},"level":"error","message":"Cannot set headers after they are sent to the client"}
{"metadata":{"code":"ERR_HTTP_HEADERS_SENT"},"level":"error","message":"Cannot set headers after they are sent to the client"}
{"metadata":{"code":"ERR_HTTP_HEADERS_SENT"},"level":"error","message":"Cannot set headers after they are sent to the client"}
{"metadata":{"errors":{"role":{"name":"ValidatorError","message":"Path `role` is required.","properties":{"message":"Path `role` is required.","type":"required","path":"role"},"kind":"required","path":"role"},"email":{"name":"ValidatorError","message":"Path `email` is required.","properties":{"message":"Path `email` is required.","type":"required","path":"email"},"kind":"required","path":"email"},"name":{"name":"ValidatorError","message":"Path `name` is required.","properties":{"message":"Path `name` is required.","type":"required","path":"name"},"kind":"required","path":"name"}},"_message":"User validation failed","message":"User validation failed: role: Path `role` is required., email: Path `email` is required., name: Path `name` is required."},"level":"error","message":"User validation failed: role: Path `role` is required., email: Path `email` is required., name: Path `name` is required."}
{"metadata":{"code":"ERR_HTTP_HEADERS_SENT"},"level":"error","message":"Cannot set headers after they are sent to the client"}
{"metadata":{"code":"ERR_HTTP_HEADERS_SENT"},"level":"error","message":"Cannot set headers after they are sent to the client"}
{"metadata":{"code":"ERR_HTTP_HEADERS_SENT"},"level":"error","message":"Cannot set headers after they are sent to the client"}
{"metadata":{"code":"ERR_HTTP_HEADERS_SENT"},"level":"error","message":"Cannot set headers after they are sent to the client"}
{"metadata":{"code":"ERR_HTTP_HEADERS_SENT"},"level":"error","message":"Cannot set headers after they are sent to the client"}
{"metadata":{"code":"ERR_HTTP_HEADERS_SENT"},"level":"error","message":"Cannot set headers after they are sent to the client"}
{"metadata":{"code":"ERR_HTTP_HEADERS_SENT"},"level":"error","message":"Cannot set headers after they are sent to the client"}
{"metadata":{"code":"ERR_HTTP_HEADERS_SENT"},"level":"error","message":"Cannot set headers after they are sent to the client"}
{"metadata":{"code":"ERR_HTTP_HEADERS_SENT"},"level":"error","message":"Cannot set headers after they are sent to the client"}
{"metadata":{"code":"ERR_HTTP_HEADERS_SENT"},"level":"error","message":"Cannot set headers after they are sent to the client"}
{"metadata":{"code":"ERR_HTTP_HEADERS_SENT"},"level":"error","message":"Cannot set headers after they are sent to the client"}
{"metadata":{"code":"ERR_HTTP_HEADERS_SENT"},"level":"error","message":"Cannot set headers after they are sent to the client"}
{"metadata":{"errors":{"role":{"name":"ValidatorError","message":"Path `role` is required.","properties":{"message":"Path `role` is required.","type":"required","path":"role"},"kind":"required","path":"role"},"email":{"name":"ValidatorError","message":"Path `email` is required.","properties":{"message":"Path `email` is required.","type":"required","path":"email"},"kind":"required","path":"email"},"name":{"name":"ValidatorError","message":"Path `name` is required.","properties":{"message":"Path `name` is required.","type":"required","path":"name"},"kind":"required","path":"name"}},"_message":"User validation failed","message":"User validation failed: role: Path `role` is required., email: Path `email` is required., name: Path `name` is required."},"level":"error","message":"User validation failed: role: Path `role` is required., email: Path `email` is required., name: Path `name` is required."}
{"metadata":{"code":"ERR_HTTP_HEADERS_SENT"},"level":"error","message":"Cannot set headers after they are sent to the client"}
{"metadata":{"code":"ERR_HTTP_HEADERS_SENT"},"level":"error","message":"Cannot set headers after they are sent to the client"}
{"metadata":{"code":"ERR_HTTP_HEADERS_SENT"},"level":"error","message":"Cannot set headers after they are sent to the client"}
{"metadata":{"code":"ERR_HTTP_HEADERS_SENT"},"level":"error","message":"Cannot set headers after they are sent to the client"}
{"metadata":{"code":"ERR_HTTP_HEADERS_SENT"},"level":"error","message":"Cannot set headers after they are sent to the client"}
{"metadata":{"code":"ERR_HTTP_HEADERS_SENT"},"level":"error","message":"Cannot set headers after they are sent to the client"}
{"metadata":{"code":"ERR_HTTP_HEADERS_SENT"},"level":"error","message":"Cannot set headers after they are sent to the client"}
{"metadata":{"code":"ERR_HTTP_HEADERS_SENT"},"level":"error","message":"Cannot set headers after they are sent to the client"}
{"metadata":{"code":"ERR_HTTP_HEADERS_SENT"},"level":"error","message":"Cannot set headers after they are sent to the client"}
{"metadata":{"code":"ERR_HTTP_HEADERS_SENT"},"level":"error","message":"Cannot set headers after they are sent to the client"}
{"metadata":{"code":"ERR_HTTP_HEADERS_SENT"},"level":"error","message":"Cannot set headers after they are sent to the client"}
{"metadata":{"code":"ERR_HTTP_HEADERS_SENT"},"level":"error","message":"Cannot set headers after they are sent to the client"}
{"metadata":{"code":"ERR_HTTP_HEADERS_SENT"},"level":"error","message":"Cannot set headers after they are sent to the client"}
{"metadata":{"code":"ERR_HTTP_HEADERS_SENT"},"level":"error","message":"Cannot set headers after they are sent to the client"}
{"metadata":{"code":"ERR_HTTP_HEADERS_SENT"},"level":"error","message":"Cannot set headers after they are sent to the client"}
{"metadata":{"code":"ERR_HTTP_HEADERS_SENT"},"level":"error","message":"Cannot set headers after they are sent to the client"}
{"metadata":{"code":"ERR_HTTP_HEADERS_SENT"},"level":"error","message":"Cannot set headers after they are sent to the client"}
{"metadata":{"code":"ERR_HTTP_HEADERS_SENT"},"level":"error","message":"Cannot set headers after they are sent to the client"}
{"metadata":{"code":"ERR_HTTP_HEADERS_SENT"},"level":"error","message":"Cannot set headers after they are sent to the client"}
{"metadata":{"code":"ERR_HTTP_HEADERS_SENT"},"level":"error","message":"Cannot set headers after they are sent to the client"}
{"metadata":{"code":"ERR_HTTP_HEADERS_SENT"},"level":"error","message":"Cannot set headers after they are sent to the client"}
{"metadata":{"code":"ERR_HTTP_HEADERS_SENT"},"level":"error","message":"Cannot set headers after they are sent to the client"}
{"metadata":{"code":"ERR_HTTP_HEADERS_SENT"},"level":"error","message":"Cannot set headers after they are sent to the client"}
{"metadata":{"code":"ERR_HTTP_HEADERS_SENT"},"level":"error","message":"Cannot set headers after they are sent to the client"}
{"metadata":{"code":"ERR_HTTP_HEADERS_SENT"},"level":"error","message":"Cannot set headers after they are sent to the client"}
{"metadata":{"code":"ERR_HTTP_HEADERS_SENT"},"level":"error","message":"Cannot set headers after they are sent to the client"}
{"metadata":{"code":"ERR_HTTP_HEADERS_SENT"},"level":"error","message":"Cannot set headers after they are sent to the client"}
{"metadata":{"errors":{"role":{"name":"ValidatorError","message":"Path `role` is required.","properties":{"message":"Path `role` is required.","type":"required","path":"role"},"kind":"required","path":"role"},"email":{"name":"ValidatorError","message":"Path `email` is required.","properties":{"message":"Path `email` is required.","type":"required","path":"email"},"kind":"required","path":"email"},"name":{"name":"ValidatorError","message":"Path `name` is required.","properties":{"message":"Path `name` is required.","type":"required","path":"name"},"kind":"required","path":"name"}},"_message":"User validation failed","message":"User validation failed: role: Path `role` is required., email: Path `email` is required., name: Path `name` is required."},"level":"error","message":"User validation failed: role: Path `role` is required., email: Path `email` is required., name: Path `name` is required."}
{"metadata":{"errors":{"role":{"name":"ValidatorError","message":"Path `role` is required.","properties":{"message":"Path `role` is required.","type":"required","path":"role"},"kind":"required","path":"role"},"email":{"name":"ValidatorError","message":"Path `email` is required.","properties":{"message":"Path `email` is required.","type":"required","path":"email"},"kind":"required","path":"email"},"name":{"name":"ValidatorError","message":"Path `name` is required.","properties":{"message":"Path `name` is required.","type":"required","path":"name"},"kind":"required","path":"name"}},"_message":"User validation failed","message":"User validation failed: role: Path `role` is required., email: Path `email` is required., name: Path `name` is required."},"level":"error","message":"User validation failed: role: Path `role` is required., email: Path `email` is required., name: Path `name` is required."}
{"metadata":{"code":"ERR_HTTP_HEADERS_SENT"},"level":"error","message":"Cannot set headers after they are sent to the client"}
{"metadata":{"errors":{"role":{"name":"ValidatorError","message":"Path `role` is required.","properties":{"message":"Path `role` is required.","type":"required","path":"role"},"kind":"required","path":"role"},"email":{"name":"ValidatorError","message":"Path `email` is required.","properties":{"message":"Path `email` is required.","type":"required","path":"email"},"kind":"required","path":"email"},"name":{"name":"ValidatorError","message":"Path `name` is required.","properties":{"message":"Path `name` is required.","type":"required","path":"name"},"kind":"required","path":"name"}},"_message":"User validation failed","message":"User validation failed: role: Path `role` is required., email: Path `email` is required., name: Path `name` is required."},"level":"error","message":"User validation failed: role: Path `role` is required., email: Path `email` is required., name: Path `name` is required."}
{"metadata":{"code":"ERR_HTTP_HEADERS_SENT"},"level":"error","message":"Cannot set headers after they are sent to the client"}
{"metadata":{"errors":{"role":{"name":"ValidatorError","message":"Path `role` is required.","properties":{"message":"Path `role` is required.","type":"required","path":"role"},"kind":"required","path":"role"},"email":{"name":"ValidatorError","message":"Path `email` is required.","properties":{"message":"Path `email` is required.","type":"required","path":"email"},"kind":"required","path":"email"},"name":{"name":"ValidatorError","message":"Path `name` is required.","properties":{"message":"Path `name` is required.","type":"required","path":"name"},"kind":"required","path":"name"}},"_message":"User validation failed","message":"User validation failed: role: Path `role` is required., email: Path `email` is required., name: Path `name` is required."},"level":"error","message":"User validation failed: role: Path `role` is required., email: Path `email` is required., name: Path `name` is required."}
{"metadata":{"errors":{"role":{"name":"ValidatorError","message":"Path `role` is required.","properties":{"message":"Path `role` is required.","type":"required","path":"role"},"kind":"required","path":"role"},"email":{"name":"ValidatorError","message":"Path `email` is required.","properties":{"message":"Path `email` is required.","type":"required","path":"email"},"kind":"required","path":"email"},"name":{"name":"ValidatorError","message":"Path `name` is required.","properties":{"message":"Path `name` is required.","type":"required","path":"name"},"kind":"required","path":"name"}},"_message":"User validation failed","message":"User validation failed: role: Path `role` is required., email: Path `email` is required., name: Path `name` is required."},"level":"error","message":"User validation failed: role: Path `role` is required., email: Path `email` is required., name: Path `name` is required."}
{"metadata":{"code":"ERR_HTTP_HEADERS_SENT"},"level":"error","message":"Cannot set headers after they are sent to the client"}
{"metadata":{"errors":{"role":{"name":"ValidatorError","message":"Path `role` is required.","properties":{"message":"Path `role` is required.","type":"required","path":"role"},"kind":"required","path":"role"},"email":{"name":"ValidatorError","message":"Path `email` is required.","properties":{"message":"Path `email` is required.","type":"required","path":"email"},"kind":"required","path":"email"},"name":{"name":"ValidatorError","message":"Path `name` is required.","properties":{"message":"Path `name` is required.","type":"required","path":"name"},"kind":"required","path":"name"}},"_message":"User validation failed","message":"User validation failed: role: Path `role` is required., email: Path `email` is required., name: Path `name` is required."},"level":"error","message":"User validation failed: role: Path `role` is required., email: Path `email` is required., name: Path `name` is required."}
{"metadata":{"errors":{"role":{"name":"ValidatorError","message":"Path `role` is required.","properties":{"message":"Path `role` is required.","type":"required","path":"role"},"kind":"required","path":"role"},"email":{"name":"ValidatorError","message":"Path `email` is required.","properties":{"message":"Path `email` is required.","type":"required","path":"email"},"kind":"required","path":"email"},"name":{"name":"ValidatorError","message":"Path `name` is required.","properties":{"message":"Path `name` is required.","type":"required","path":"name"},"kind":"required","path":"name"}},"_message":"User validation failed","message":"User validation failed: role: Path `role` is required., email: Path `email` is required., name: Path `name` is required."},"level":"error","message":"User validation failed: role: Path `role` is required., email: Path `email` is required., name: Path `name` is required."}
{"metadata":{"code":"ERR_HTTP_HEADERS_SENT"},"level":"error","message":"Cannot set headers after they are sent to the client"}
{"metadata":{"errors":{"role":{"name":"ValidatorError","message":"Path `role` is required.","properties":{"message":"Path `role` is required.","type":"required","path":"role"},"kind":"required","path":"role"},"email":{"name":"ValidatorError","message":"Path `email` is required.","properties":{"message":"Path `email` is required.","type":"required","path":"email"},"kind":"required","path":"email"},"name":{"name":"ValidatorError","message":"Path `name` is required.","properties":{"message":"Path `name` is required.","type":"required","path":"name"},"kind":"required","path":"name"}},"_message":"User validation failed","message":"User validation failed: role: Path `role` is required., email: Path `email` is required., name: Path `name` is required."},"level":"error","message":"User validation failed: role: Path `role` is required., email: Path `email` is required., name: Path `name` is required."}
{"metadata":{"errors":{"email":{"name":"ValidatorError","message":"Path `email` is required.","properties":{"message":"Path `email` is required.","type":"required","path":"email"},"kind":"required","path":"email"}},"_message":"User validation failed","message":"User validation failed: email: Path `email` is required."},"level":"error","message":"User validation failed: email: Path `email` is required."}
{"metadata":{"code":"ERR_HTTP_HEADERS_SENT"},"level":"error","message":"Cannot set headers after they are sent to the client"}
{"metadata":{"errors":{"email":{"name":"ValidatorError","message":"Path `email` is required.","properties":{"message":"Path `email` is required.","type":"required","path":"email","value":""},"kind":"required","path":"email","value":""}},"_message":"User validation failed","message":"User validation failed: email: Path `email` is required."},"level":"error","message":"User validation failed: email: Path `email` is required."}
{"metadata":{"errors":{"email":{"name":"ValidatorError","message":"Path `email` is required.","properties":{"message":"Path `email` is required.","type":"required","path":"email","value":""},"kind":"required","path":"email","value":""}},"_message":"User validation failed","message":"User validation failed: email: Path `email` is required."},"level":"error","message":"User validation failed: email: Path `email` is required."}
{"metadata":{"code":"ERR_HTTP_HEADERS_SENT"},"level":"error","message":"Cannot set headers after they are sent to the client"}
{"metadata":{"errors":{"role":{"name":"ValidatorError","message":"Path `role` is required.","properties":{"message":"Path `role` is required.","type":"required","path":"role"},"kind":"required","path":"role"},"email":{"name":"ValidatorError","message":"Path `email` is required.","properties":{"message":"Path `email` is required.","type":"required","path":"email"},"kind":"required","path":"email"},"name":{"name":"ValidatorError","message":"Path `name` is required.","properties":{"message":"Path `name` is required.","type":"required","path":"name"},"kind":"required","path":"name"}},"_message":"User validation failed","message":"User validation failed: role: Path `role` is required., email: Path `email` is required., name: Path `name` is required."},"level":"error","message":"User validation failed: role: Path `role` is required., email: Path `email` is required., name: Path `name` is required."}
{"metadata":{"errors":{"role":{"name":"ValidatorError","message":"Path `role` is required.","properties":{"message":"Path `role` is required.","type":"required","path":"role"},"kind":"required","path":"role"},"email":{"name":"ValidatorError","message":"Path `email` is required.","properties":{"message":"Path `email` is required.","type":"required","path":"email"},"kind":"required","path":"email"},"name":{"name":"ValidatorError","message":"Path `name` is required.","properties":{"message":"Path `name` is required.","type":"required","path":"name"},"kind":"required","path":"name"}},"_message":"User validation failed","message":"User validation failed: role: Path `role` is required., email: Path `email` is required., name: Path `name` is required."},"level":"error","message":"User validation failed: role: Path `role` is required., email: Path `email` is required., name: Path `name` is required."}
{"metadata":{"errors":{"role":{"name":"ValidatorError","message":"Path `role` is required.","properties":{"message":"Path `role` is required.","type":"required","path":"role"},"kind":"required","path":"role"},"email":{"name":"ValidatorError","message":"Path `email` is required.","properties":{"message":"Path `email` is required.","type":"required","path":"email"},"kind":"required","path":"email"},"name":{"name":"ValidatorError","message":"Path `name` is required.","properties":{"message":"Path `name` is required.","type":"required","path":"name"},"kind":"required","path":"name"}},"_message":"User validation failed","message":"User validation failed: role: Path `role` is required., email: Path `email` is required., name: Path `name` is required."},"level":"error","message":"User validation failed: role: Path `role` is required., email: Path `email` is required., name: Path `name` is required."}
{"metadata":{"errors":{"role":{"name":"ValidatorError","message":"Path `role` is required.","properties":{"message":"Path `role` is required.","type":"required","path":"role"},"kind":"required","path":"role"},"email":{"name":"ValidatorError","message":"Path `email` is required.","properties":{"message":"Path `email` is required.","type":"required","path":"email"},"kind":"required","path":"email"},"name":{"name":"ValidatorError","message":"Path `name` is required.","properties":{"message":"Path `name` is required.","type":"required","path":"name"},"kind":"required","path":"name"}},"_message":"User validation failed","message":"User validation failed: role: Path `role` is required., email: Path `email` is required., name: Path `name` is required."},"level":"error","message":"User validation failed: role: Path `role` is required., email: Path `email` is required., name: Path `name` is required."}
{"metadata":{"code":"ERR_HTTP_HEADERS_SENT"},"level":"error","message":"Cannot set headers after they are sent to the client"}
{"metadata":{"code":"ERR_HTTP_HEADERS_SENT"},"level":"error","message":"Cannot set headers after they are sent to the client"}
{"metadata":{"code":"ERR_HTTP_HEADERS_SENT"},"level":"error","message":"Cannot set headers after they are sent to the client"}
{"metadata":{"code":"ERR_HTTP_HEADERS_SENT"},"level":"error","message":"Cannot set headers after they are sent to the client"}
{"metadata":{"errors":{"name":{"name":"ValidatorError","message":"Path `name` is required.","properties":{"message":"Path `name` is required.","type":"required","path":"name"},"kind":"required","path":"name"}},"_message":"User validation failed","message":"User validation failed: name: Path `name` is required."},"level":"error","message":"User validation failed: name: Path `name` is required."}
{"metadata":{"driver":true,"name":"MongoError","index":0,"code":11000,"keyPattern":{"email":1},"keyValue":{"email":"thanmai.chikine@g7cr.in"}},"level":"error","message":"E11000 duplicate key error collection: GreenMatters.users index: email_1 dup key: { email: \"thanmai.chikine@g7cr.in\" }"}
{"metadata":{"code":"ERR_HTTP_HEADERS_SENT"},"level":"error","message":"Cannot set headers after they are sent to the client"}
{"metadata":{"code":"ERR_HTTP_HEADERS_SENT"},"level":"error","message":"Cannot set headers after they are sent to the client"}
{"metadata":{"driver":true,"name":"MongoError","index":0,"code":11000,"keyPattern":{"email":1},"keyValue":{"email":"thanmai.chikine@g7cr.in"}},"level":"error","message":"E11000 duplicate key error collection: GreenMatters.users index: email_1 dup key: { email: \"thanmai.chikine@g7cr.in\" }"}
{"metadata":{"code":"ERR_HTTP_HEADERS_SENT"},"level":"error","message":"Cannot set headers after they are sent to the client"}
{"metadata":{"code":"ERR_HTTP_HEADERS_SENT"},"level":"error","message":"Cannot set headers after they are sent to the client"}
{"metadata":{"code":"ERR_HTTP_HEADERS_SENT"},"level":"error","message":"Cannot set headers after they are sent to the client"}
{"metadata":{"code":"ERR_HTTP_HEADERS_SENT"},"level":"error","message":"Cannot set headers after they are sent to the client"}
{"metadata":{"code":"ERR_HTTP_HEADERS_SENT"},"level":"error","message":"Cannot set headers after they are sent to the client"}
{"metadata":{"errors":{"role":{"name":"ValidatorError","message":"Path `role` is required.","properties":{"message":"Path `role` is required.","type":"required","path":"role"},"kind":"required","path":"role"},"email":{"name":"ValidatorError","message":"Path `email` is required.","properties":{"message":"Path `email` is required.","type":"required","path":"email"},"kind":"required","path":"email"},"name":{"name":"ValidatorError","message":"Path `name` is required.","properties":{"message":"Path `name` is required.","type":"required","path":"name"},"kind":"required","path":"name"}},"_message":"User validation failed","message":"User validation failed: role: Path `role` is required., email: Path `email` is required., name: Path `name` is required."},"level":"error","message":"User validation failed: role: Path `role` is required., email: Path `email` is required., name: Path `name` is required."}
{"metadata":{"code":"ERR_HTTP_HEADERS_SENT"},"level":"error","message":"Cannot set headers after they are sent to the client"}
{"metadata":{"code":"ERR_HTTP_HEADERS_SENT"},"level":"error","message":"Cannot set headers after they are sent to the client"}
{"metadata":{"code":"ERR_HTTP_HEADERS_SENT"},"level":"error","message":"Cannot set headers after they are sent to the client"}
{"metadata":{"code":"ERR_HTTP_HEADERS_SENT"},"level":"error","message":"Cannot set headers after they are sent to the client"}
{"metadata":{"code":"ERR_HTTP_HEADERS_SENT"},"level":"error","message":"Cannot set headers after they are sent to the client"}
{"metadata":{"code":"ERR_HTTP_HEADERS_SENT"},"level":"error","message":"Cannot set headers after they are sent to the client"}
{"metadata":{"code":"ERR_HTTP_HEADERS_SENT"},"level":"error","message":"Cannot set headers after they are sent to the client"}
{"metadata":{"code":"ERR_HTTP_HEADERS_SENT"},"level":"error","message":"Cannot set headers after they are sent to the client"}
{"metadata":{"code":"ERR_HTTP_HEADERS_SENT"},"level":"error","message":"Cannot set headers after they are sent to the client"}
{"metadata":{"code":"ERR_HTTP_HEADERS_SENT"},"level":"error","message":"Cannot set headers after they are sent to the client"}
{"metadata":{"code":"ERR_HTTP_HEADERS_SENT"},"level":"error","message":"Cannot set headers after they are sent to the client"}
{"metadata":{"code":"ERR_HTTP_HEADERS_SENT"},"level":"error","message":"Cannot set headers after they are sent to the client"}
{"metadata":{"code":"ERR_HTTP_HEADERS_SENT"},"level":"error","message":"Cannot set headers after they are sent to the client"}
{"metadata":{"code":"ERR_HTTP_HEADERS_SENT"},"level":"error","message":"Cannot set headers after they are sent to the client"}
{"metadata":{"code":"ERR_HTTP_HEADERS_SENT"},"level":"error","message":"Cannot set headers after they are sent to the client"}
{"metadata":{"code":"ERR_HTTP_HEADERS_SENT"},"level":"error","message":"Cannot set headers after they are sent to the client"}
{"metadata":{"code":"ERR_HTTP_HEADERS_SENT"},"level":"error","message":"Cannot set headers after they are sent to the client"}
{"metadata":{"code":"ERR_HTTP_HEADERS_SENT"},"level":"error","message":"Cannot set headers after they are sent to the client"}
{"metadata":{"code":"ERR_HTTP_HEADERS_SENT"},"level":"error","message":"Cannot set headers after they are sent to the client"}
{"metadata":{"code":"ERR_HTTP_HEADERS_SENT"},"level":"error","message":"Cannot set headers after they are sent to the client"}
{"metadata":{"code":"ERR_HTTP_HEADERS_SENT"},"level":"error","message":"Cannot set headers after they are sent to the client"}
{"metadata":{"code":"ERR_HTTP_HEADERS_SENT"},"level":"error","message":"Cannot set headers after they are sent to the client"}
{"metadata":{"code":"ERR_HTTP_HEADERS_SENT"},"level":"error","message":"Cannot set headers after they are sent to the client"}
{"metadata":{"code":"ERR_HTTP_HEADERS_SENT"},"level":"error","message":"Cannot set headers after they are sent to the client"}
{"metadata":{"code":"ERR_HTTP_HEADERS_SENT"},"level":"error","message":"Cannot set headers after they are sent to the client"}
{"metadata":{"code":"ERR_HTTP_HEADERS_SENT"},"level":"error","message":"Cannot set headers after they are sent to the client"}
{"metadata":{"code":"ERR_HTTP_HEADERS_SENT"},"level":"error","message":"Cannot set headers after they are sent to the client"}
{"metadata":{"code":"ERR_HTTP_HEADERS_SENT"},"level":"error","message":"Cannot set headers after they are sent to the client"}
{"metadata":{"code":"ERR_HTTP_HEADERS_SENT"},"level":"error","message":"Cannot set headers after they are sent to the client"}
{"metadata":{"code":"ERR_HTTP_HEADERS_SENT"},"level":"error","message":"Cannot set headers after they are sent to the client"}
{"metadata":{"code":"ERR_HTTP_HEADERS_SENT"},"level":"error","message":"Cannot set headers after they are sent to the client"}
{"metadata":{"code":"ERR_HTTP_HEADERS_SENT"},"level":"error","message":"Cannot set headers after they are sent to the client"}
{"metadata":{"code":"ERR_HTTP_HEADERS_SENT"},"level":"error","message":"Cannot set headers after they are sent to the client"}
{"metadata":{"code":"ERR_HTTP_HEADERS_SENT"},"level":"error","message":"Cannot set headers after they are sent to the client"}
{"metadata":{"code":"ERR_HTTP_HEADERS_SENT"},"level":"error","message":"Cannot set headers after they are sent to the client"}
{"metadata":{"code":"ERR_HTTP_HEADERS_SENT"},"level":"error","message":"Cannot set headers after they are sent to the client"}
{"metadata":{"code":"ERR_HTTP_HEADERS_SENT"},"level":"error","message":"Cannot set headers after they are sent to the client"}
{"metadata":{"code":"ERR_HTTP_HEADERS_SENT"},"level":"error","message":"Cannot set headers after they are sent to the client"}
{"metadata":{"code":"ERR_HTTP_HEADERS_SENT"},"level":"error","message":"Cannot set headers after they are sent to the client"}
{"metadata":{"code":"ERR_HTTP_HEADERS_SENT"},"level":"error","message":"Cannot set headers after they are sent to the client"}
{"metadata":{"code":"ERR_HTTP_HEADERS_SENT"},"level":"error","message":"Cannot set headers after they are sent to the client"}
{"metadata":{"code":"ERR_HTTP_HEADERS_SENT"},"level":"error","message":"Cannot set headers after they are sent to the client"}
{"metadata":{"code":"ERR_HTTP_HEADERS_SENT"},"level":"error","message":"Cannot set headers after they are sent to the client"}
{"metadata":{"code":"ERR_HTTP_HEADERS_SENT"},"level":"error","message":"Cannot set headers after they are sent to the client"}
{"metadata":{"code":"ERR_HTTP_HEADERS_SENT"},"level":"error","message":"Cannot set headers after they are sent to the client"}
{"metadata":{"code":"ERR_HTTP_HEADERS_SENT"},"level":"error","message":"Cannot set headers after they are sent to the client"}
{"metadata":{"code":"ERR_HTTP_HEADERS_SENT"},"level":"error","message":"Cannot set headers after they are sent to the client"}
{"metadata":{"code":"ERR_HTTP_HEADERS_SENT"},"level":"error","message":"Cannot set headers after they are sent to the client"}
{"metadata":{"code":"ERR_HTTP_HEADERS_SENT"},"level":"error","message":"Cannot set headers after they are sent to the client"}
{"metadata":{"code":"ERR_HTTP_HEADERS_SENT"},"level":"error","message":"Cannot set headers after they are sent to the client"}
{"metadata":{"code":"ERR_HTTP_HEADERS_SENT"},"level":"error","message":"Cannot set headers after they are sent to the client"}
{"metadata":{"code":"ERR_HTTP_HEADERS_SENT"},"level":"error","message":"Cannot set headers after they are sent to the client"}
{"metadata":{"code":"ERR_HTTP_HEADERS_SENT"},"level":"error","message":"Cannot set headers after they are sent to the client"}
{"metadata":{"code":"ERR_HTTP_HEADERS_SENT"},"level":"error","message":"Cannot set headers after they are sent to the client"}
{"metadata":{"code":"ERR_HTTP_HEADERS_SENT"},"level":"error","message":"Cannot set headers after they are sent to the client"}
{"metadata":{"code":"ERR_HTTP_HEADERS_SENT"},"level":"error","message":"Cannot set headers after they are sent to the client"}
{"metadata":{"code":"ERR_HTTP_HEADERS_SENT"},"level":"error","message":"Cannot set headers after they are sent to the client"}
{"metadata":{"code":"ERR_HTTP_HEADERS_SENT"},"level":"error","message":"Cannot set headers after they are sent to the client"}
{"metadata":{"code":"ERR_HTTP_HEADERS_SENT"},"level":"error","message":"Cannot set headers after they are sent to the client"}
{"metadata":{"code":"ERR_HTTP_HEADERS_SENT"},"level":"error","message":"Cannot set headers after they are sent to the client"}
{"metadata":{"code":"ERR_HTTP_HEADERS_SENT"},"level":"error","message":"Cannot set headers after they are sent to the client"}
{"metadata":{"code":"ERR_HTTP_HEADERS_SENT"},"level":"error","message":"Cannot set headers after they are sent to the client"}
{"metadata":{"code":"ERR_HTTP_HEADERS_SENT"},"level":"error","message":"Cannot set headers after they are sent to the client"}
{"metadata":{"stringValue":"\"\\n\"","kind":"ObjectId","value":"\n","path":"_id","reason":{}},"level":"error","message":"Cast to ObjectId failed for value \"\\n\" at path \"_id\" for model \"User\""}
{"metadata":{"stringValue":"\"\\n\"","kind":"ObjectId","value":"\n","path":"_id","reason":{}},"level":"error","message":"Cast to ObjectId failed for value \"\\n\" at path \"_id\" for model \"User\""}
{"metadata":{"code":"ERR_HTTP_HEADERS_SENT"},"level":"error","message":"Cannot set headers after they are sent to the client"}
{"metadata":{"code":"ERR_HTTP_HEADERS_SENT"},"level":"error","message":"Cannot set headers after they are sent to the client"}
{"metadata":{"code":"ERR_HTTP_HEADERS_SENT"},"level":"error","message":"Cannot set headers after they are sent to the client"}
{"metadata":{"code":"ERR_HTTP_HEADERS_SENT"},"level":"error","message":"Cannot set headers after they are sent to the client"}
{"metadata":{"code":"ERR_HTTP_HEADERS_SENT"},"level":"error","message":"Cannot set headers after they are sent to the client"}
{"metadata":{"code":"ERR_HTTP_HEADERS_SENT"},"level":"error","message":"Cannot set headers after they are sent to the client"}
{"metadata":{"code":"ERR_HTTP_HEADERS_SENT"},"level":"error","message":"Cannot set headers after they are sent to the client"}
{"metadata":{"code":"ERR_HTTP_HEADERS_SENT"},"level":"error","message":"Cannot set headers after they are sent to the client"}
{"metadata":{"code":"ERR_HTTP_HEADERS_SENT"},"level":"error","message":"Cannot set headers after they are sent to the client"}
{"metadata":{"code":"ERR_HTTP_HEADERS_SENT"},"level":"error","message":"Cannot set headers after they are sent to the client"}
{"metadata":{"code":"ERR_HTTP_HEADERS_SENT"},"level":"error","message":"Cannot set headers after they are sent to the client"}
{"metadata":{"code":"ERR_HTTP_HEADERS_SENT"},"level":"error","message":"Cannot set headers after they are sent to the client"}
{"metadata":{"code":"ERR_HTTP_HEADERS_SENT"},"level":"error","message":"Cannot set headers after they are sent to the client"}
{"metadata":{"code":"ERR_HTTP_HEADERS_SENT"},"level":"error","message":"Cannot set headers after they are sent to the client"}
{"metadata":{"code":"ERR_HTTP_HEADERS_SENT"},"level":"error","message":"Cannot set headers after they are sent to the client"}
{"metadata":{"code":"ERR_HTTP_HEADERS_SENT"},"level":"error","message":"Cannot set headers after they are sent to the client"}
{"metadata":{"code":"ERR_HTTP_HEADERS_SENT"},"level":"error","message":"Cannot set headers after they are sent to the client"}
{"metadata":{"code":"ERR_HTTP_HEADERS_SENT"},"level":"error","message":"Cannot set headers after they are sent to the client"}
{"metadata":{"code":"ERR_HTTP_HEADERS_SENT"},"level":"error","message":"Cannot set headers after they are sent to the client"}
{"metadata":{"code":"ERR_HTTP_HEADERS_SENT"},"level":"error","message":"Cannot set headers after they are sent to the client"}
{"metadata":{"code":"ERR_HTTP_HEADERS_SENT"},"level":"error","message":"Cannot set headers after they are sent to the client"}
{"metadata":{"code":"ERR_HTTP_HEADERS_SENT"},"level":"error","message":"Cannot set headers after they are sent to the client"}
{"metadata":{"code":"ERR_HTTP_HEADERS_SENT"},"level":"error","message":"Cannot set headers after they are sent to the client"}
{"metadata":{"code":"ERR_HTTP_HEADERS_SENT"},"level":"error","message":"Cannot set headers after they are sent to the client"}
{"metadata":{"code":"ERR_HTTP_HEADERS_SENT"},"level":"error","message":"Cannot set headers after they are sent to the client"}
{"metadata":{"code":"ERR_HTTP_HEADERS_SENT"},"level":"error","message":"Cannot set headers after they are sent to the client"}
{"metadata":{"code":"ERR_HTTP_HEADERS_SENT"},"level":"error","message":"Cannot set headers after they are sent to the client"}
{"metadata":{"code":"ERR_HTTP_HEADERS_SENT"},"level":"error","message":"Cannot set headers after they are sent to the client"}
{"metadata":{"code":"ERR_HTTP_HEADERS_SENT"},"level":"error","message":"Cannot set headers after they are sent to the client"}
{"metadata":{"code":"ERR_HTTP_HEADERS_SENT"},"level":"error","message":"Cannot set headers after they are sent to the client"}
{"metadata":{"code":"ERR_HTTP_HEADERS_SENT"},"level":"error","message":"Cannot set headers after they are sent to the client"}
{"metadata":{"code":"ERR_HTTP_HEADERS_SENT"},"level":"error","message":"Cannot set headers after they are sent to the client"}
{"metadata":{"code":"ERR_HTTP_HEADERS_SENT"},"level":"error","message":"Cannot set headers after they are sent to the client"}
{"metadata":{"code":"ERR_HTTP_HEADERS_SENT"},"level":"error","message":"Cannot set headers after they are sent to the client"}
{"metadata":{"code":"ERR_HTTP_HEADERS_SENT"},"level":"error","message":"Cannot set headers after they are sent to the client"}
{"metadata":{"code":"ERR_HTTP_HEADERS_SENT"},"level":"error","message":"Cannot set headers after they are sent to the client"}
{"metadata":{"code":"ERR_HTTP_HEADERS_SENT"},"level":"error","message":"Cannot set headers after they are sent to the client"}
{"metadata":{"code":"ERR_HTTP_HEADERS_SENT"},"level":"error","message":"Cannot set headers after they are sent to the client"}
{"metadata":{"code":"ERR_HTTP_HEADERS_SENT"},"level":"error","message":"Cannot set headers after they are sent to the client"}
{"metadata":{"code":"ERR_HTTP_HEADERS_SENT"},"level":"error","message":"Cannot set headers after they are sent to the client"}
{"metadata":{"code":"ERR_HTTP_HEADERS_SENT"},"level":"error","message":"Cannot set headers after they are sent to the client"}
{"metadata":{"code":"ERR_HTTP_HEADERS_SENT"},"level":"error","message":"Cannot set headers after they are sent to the client"}
{"metadata":{"code":"ERR_HTTP_HEADERS_SENT"},"level":"error","message":"Cannot set headers after they are sent to the client"}
{"metadata":{"code":"ERR_HTTP_HEADERS_SENT"},"level":"error","message":"Cannot set headers after they are sent to the client"}
{"metadata":{"code":"ERR_HTTP_HEADERS_SENT"},"level":"error","message":"Cannot set headers after they are sent to the client"}
{"metadata":{"driver":true,"name":"MongoError","index":0,"code":11000,"keyPattern":{"email":1},"keyValue":{"email":"thanmai.chikine@g7cr.in"}},"level":"error","message":"E11000 duplicate key error collection: GreenMatters.users index: email_1 dup key: { email: \"thanmai.chikine@g7cr.in\" }"}
{"metadata":{"driver":true,"name":"MongoError","index":0,"code":11000,"keyPattern":{"email":1},"keyValue":{"email":"thanmai.chikine@g7cr.in"}},"level":"error","message":"E11000 duplicate key error collection: GreenMatters.users index: email_1 dup key: { email: \"thanmai.chikine@g7cr.in\" }"}
{"metadata":{"driver":true,"name":"MongoError","index":0,"code":11000,"keyPattern":{"email":1},"keyValue":{"email":"thanmai.chikine@g7cr.in"}},"level":"error","message":"E11000 duplicate key error collection: GreenMatters.users index: email_1 dup key: { email: \"thanmai.chikine@g7cr.in\" }"}
{"metadata":{"driver":true,"name":"MongoError","index":0,"code":11000,"keyPattern":{"email":1},"keyValue":{"email":"thanmai.chikine@g7cr.in"}},"level":"error","message":"E11000 duplicate key error collection: GreenMatters.users index: email_1 dup key: { email: \"thanmai.chikine@g7cr.in\" }"}
{"metadata":{"driver":true,"name":"MongoError","index":0,"code":11000,"keyPattern":{"email":1},"keyValue":{"email":"thanmai.chikine@g7cr.in"}},"level":"error","message":"E11000 duplicate key error collection: GreenMatters.users index: email_1 dup key: { email: \"thanmai.chikine@g7cr.in\" }"}
{"metadata":{"driver":true,"name":"MongoError","index":0,"code":11000,"keyPattern":{"email":1},"keyValue":{"email":"thanmai.chikine@g7cr.in"}},"level":"error","message":"E11000 duplicate key error collection: GreenMatters.users index: email_1 dup key: { email: \"thanmai.chikine@g7cr.in\" }"}
{"metadata":{"driver":true,"name":"MongoError","index":0,"code":11000,"keyPattern":{"email":1},"keyValue":{"email":"thanmai.chikine@g7cr.in"}},"level":"error","message":"E11000 duplicate key error collection: GreenMatters.users index: email_1 dup key: { email: \"thanmai.chikine@g7cr.in\" }"}
{"metadata":{"driver":true,"name":"MongoError","index":0,"code":11000,"keyPattern":{"email":1},"keyValue":{"email":"jayasheela@g7cr.in"}},"level":"error","message":"E11000 duplicate key error collection: GreenMatters.users index: email_1 dup key: { email: \"jayasheela@g7cr.in\" }"}
{"metadata":{"driver":true,"name":"MongoError","index":0,"code":11000,"keyPattern":{"email":1},"keyValue":{"email":"nithinkumagbj@g7cr.in"}},"level":"error","message":"E11000 duplicate key error collection: GreenMatters.users index: email_1 dup key: { email: \"nithinkumagbj@g7cr.in\" }"}
{"metadata":{"driver":true,"name":"MongoError","index":0,"code":11000,"keyPattern":{"email":1},"keyValue":{"email":"nithinkumagbj1@g7cr.in"}},"level":"error","message":"E11000 duplicate key error collection: GreenMatters.users index: email_1 dup key: { email: \"nithinkumagbj1@g7cr.in\" }"}
{"metadata":{"driver":true,"name":"MongoError","index":0,"code":11000,"keyPattern":{"email":1},"keyValue":{"email":"thanmai.chikine@g7cr.in"}},"level":"error","message":"E11000 duplicate key error collection: GreenMatters.users index: email_1 dup key: { email: \"thanmai.chikine@g7cr.in\" }"}
{"metadata":{"errors":{"projectLead":{"name":"ValidatorError","message":"Path `projectLead` is required.","properties":{"message":"Path `projectLead` is required.","type":"required","path":"projectLead","value":null},"kind":"required","path":"projectLead","value":null}},"_message":"Project validation failed","message":"Project validation failed: projectLead: Path `projectLead` is required."},"level":"error","message":"Project validation failed: projectLead: Path `projectLead` is required."}
{"metadata":{"errors":{"projectLead":{"name":"ValidatorError","message":"Path `projectLead` is required.","properties":{"message":"Path `projectLead` is required.","type":"required","path":"projectLead","value":""},"kind":"required","path":"projectLead","value":""}},"_message":"Project validation failed","message":"Project validation failed: projectLead: Path `projectLead` is required."},"level":"error","message":"Project validation failed: projectLead: Path `projectLead` is required."}
{"metadata":{"errors":{"projectMembers.0":{"stringValue":"\"[ 'thanmai', 'jaya' ]\"","kind":"string","value":["thanmai","jaya"],"path":"projectMembers.0","reason":null,"$originalErrorPath":"projectMembers"},"projectMembers":{"stringValue":"\"[ [ 'thanmai', 'jaya' ] ]\"","kind":"Array","value":[["thanmai","jaya"]],"path":"projectMembers","reason":"projectMembers"}},"_message":"Project validation failed","message":"Project validation failed: projectMembers.0: Cast to string failed for value \"[ 'thanmai', 'jaya' ]\" at path \"projectMembers\", projectMembers: Cast to Array failed for value \"[ [ 'thanmai', 'jaya' ] ]\" at path \"projectMembers\""},"level":"error","message":"Project validation failed: projectMembers.0: Cast to string failed for value \"[ 'thanmai', 'jaya' ]\" at path \"projectMembers\", projectMembers: Cast to Array failed for value \"[ [ 'thanmai', 'jaya' ] ]\" at path \"projectMembers\""}
{"metadata":{"expose":true,"statusCode":400,"status":400,"body":"{\r\n    \"projectName\":\"GreenMatters\",\r\n    \"projectState\":\"\",\r\n    \"projectLead\":\"\",\r\n    \"createdOn\":\"\",\r\n\"projectMembers\":\"thanmai\",\"jaya\"\r\n\r\n}","type":"entity.parse.failed"},"level":"error","message":"Unexpected token } in JSON at position 143"}
{"metadata":{"errors":{"projectMembers.0":{"stringValue":"\"[ 'thanmai', 'jaya' ]\"","kind":"string","value":["thanmai","jaya"],"path":"projectMembers.0","reason":null,"$originalErrorPath":"projectMembers"},"projectMembers":{"stringValue":"\"[ [ 'thanmai', 'jaya' ] ]\"","kind":"Array","value":[["thanmai","jaya"]],"path":"projectMembers","reason":"projectMembers"}},"_message":"Project validation failed","message":"Project validation failed: projectMembers.0: Cast to string failed for value \"[ 'thanmai', 'jaya' ]\" at path \"projectMembers\", projectMembers: Cast to Array failed for value \"[ [ 'thanmai', 'jaya' ] ]\" at path \"projectMembers\""},"level":"error","message":"Project validation failed: projectMembers.0: Cast to string failed for value \"[ 'thanmai', 'jaya' ]\" at path \"projectMembers\", projectMembers: Cast to Array failed for value \"[ [ 'thanmai', 'jaya' ] ]\" at path \"projectMembers\""}
{"metadata":{},"level":"error","message":"projectName is not defined"}
{"metadata":{},"level":"error","message":"projectName is not defined"}
{"metadata":{},"level":"error","message":"projectName is not defined"}
{"metadata":{},"level":"error","message":"projectName is not defined"}
{"metadata":{},"level":"error","message":"projectName is not defined"}
{"metadata":{"code":"ERR_HTTP_HEADERS_SENT"},"level":"error","message":"Cannot set headers after they are sent to the client"}
{"metadata":{"code":"ERR_HTTP_HEADERS_SENT"},"level":"error","message":"Cannot set headers after they are sent to the client"}
{"metadata":{"code":"ERR_HTTP_HEADERS_SENT"},"level":"error","message":"Cannot set headers after they are sent to the client"}
{"metadata":{"stringValue":"\"member\"","kind":"ObjectId","value":"member","path":"_id","reason":{}},"level":"error","message":"Cast to ObjectId failed for value \"member\" at path \"_id\" for model \"User\""}
{"metadata":{"driver":true,"name":"MongoError","index":0,"code":11000,"keyPattern":{"email":1},"keyValue":{"email":"thanmai.chikine@g7cr.in"}},"level":"error","message":"E11000 duplicate key error collection: GreenMatters.users index: email_1 dup key: { email: \"thanmai.chikine@g7cr.in\" }"}
{"metadata":{"driver":true,"name":"MongoError","index":0,"code":11000,"keyPattern":{"email":1},"keyValue":{"email":"thanmai.chikine@g7cr.in"}},"level":"error","message":"E11000 duplicate key error collection: GreenMatters.users index: email_1 dup key: { email: \"thanmai.chikine@g7cr.in\" }"}
{"metadata":{"errors":{"projectName":{"name":"ValidatorError","message":"Path `projectName` is required.","properties":{"message":"Path `projectName` is required.","type":"required","path":"projectName"},"kind":"required","path":"projectName"}},"_message":"Project validation failed","message":"Project validation failed: projectName: Path `projectName` is required."},"level":"error","message":"Project validation failed: projectName: Path `projectName` is required."}
{"metadata":{"errors":{"projectName":{"name":"ValidatorError","message":"Path `projectName` is required.","properties":{"message":"Path `projectName` is required.","type":"required","path":"projectName"},"kind":"required","path":"projectName"}},"_message":"Project validation failed","message":"Project validation failed: projectName: Path `projectName` is required."},"level":"error","message":"Project validation failed: projectName: Path `projectName` is required."}
{"metadata":{"errors":{"projectName":{"name":"ValidatorError","message":"Path `projectName` is required.","properties":{"message":"Path `projectName` is required.","type":"required","path":"projectName"},"kind":"required","path":"projectName"}},"_message":"Project validation failed","message":"Project validation failed: projectName: Path `projectName` is required."},"level":"error","message":"Project validation failed: projectName: Path `projectName` is required."}
{"metadata":{"errors":{"projectName":{"name":"ValidatorError","message":"Path `projectName` is required.","properties":{"message":"Path `projectName` is required.","type":"required","path":"projectName"},"kind":"required","path":"projectName"}},"_message":"Project validation failed","message":"Project validation failed: projectName: Path `projectName` is required."},"level":"error","message":"Project validation failed: projectName: Path `projectName` is required."}
{"metadata":{"expose":true,"statusCode":400,"status":400,"body":"{\r\n    \"projectName\":\"ssssss\",\r\n    \"projectState\":\"started\",\r\n    \"projectLead\":\"nithin\",\r\n    \"createdOn\":\"\",\r\n    \r\n\"projectMembers\":[\"thanmai\",\"jaya\",\"sai\"],\r\n\r\n}","type":"entity.parse.failed"},"level":"error","message":"Unexpected token } in JSON at position 165"}
{"metadata":{"driver":true,"name":"MongoError","index":0,"code":11000,"keyPattern":{"email":1},"keyValue":{"email":"chandana@g7cr.in"}},"level":"error","message":"E11000 duplicate key error collection: GreenMatters.users index: email_1 dup key: { email: \"chandana@g7cr.in\" }"}
{"metadata":{"stringValue":"\"{ projectState: 'started' }\"","kind":"ObjectId","value":{"projectState":"started"},"path":"_id","reason":{}},"level":"error","message":"Cast to ObjectId failed for value \"{ projectState: 'started' }\" at path \"_id\" for model \"Project\""}
{"metadata":{"stringValue":"\"{ projectState: 'started' }\"","kind":"ObjectId","value":{"projectState":"started"},"path":"_id","reason":{}},"level":"error","message":"Cast to ObjectId failed for value \"{ projectState: 'started' }\" at path \"_id\" for model \"Project\""}
{"metadata":{"stringValue":"\"undefined\"","kind":"ObjectId","value":"undefined","path":"_id","reason":{}},"level":"error","message":"Cast to ObjectId failed for value \"undefined\" at path \"_id\" for model \"Project\""}
{"metadata":{"stringValue":"\"undefined\"","kind":"ObjectId","value":"undefined","path":"_id","reason":{}},"level":"error","message":"Cast to ObjectId failed for value \"undefined\" at path \"_id\" for model \"Project\""}
{"metadata":{"stringValue":"\"undefined\"","kind":"ObjectId","value":"undefined","path":"_id","reason":{}},"level":"error","message":"Cast to ObjectId failed for value \"undefined\" at path \"_id\" for model \"Project\""}
{"metadata":{},"level":"error","message":"error is not defined"}
{"metadata":{},"level":"error","message":"error is not defined"}
{"metadata":{},"level":"error","message":"error is not defined"}
{"metadata":{},"level":"error","message":"error is not defined"}
{"metadata":{},"level":"error","message":"error is not defined"}
{"metadata":{},"level":"error","message":"error is not defined"}
{"metadata":{"errors":{"teamMember.0":{"stringValue":"\"[ 'asif' ]\"","kind":"string","value":["asif"],"path":"teamMember.0","reason":null,"$originalErrorPath":"teamMember"},"teamMember":{"stringValue":"\"[ [ 'asif' ] ]\"","kind":"Array","value":[["asif"]],"path":"teamMember","reason":"teamMember"}},"_message":"Task validation failed","message":"Task validation failed: teamMember.0: Cast to string failed for value \"[ 'asif' ]\" at path \"teamMember\", teamMember: Cast to Array failed for value \"[ [ 'asif' ] ]\" at path \"teamMember\""},"level":"error","message":"Task validation failed: teamMember.0: Cast to string failed for value \"[ 'asif' ]\" at path \"teamMember\", teamMember: Cast to Array failed for value \"[ [ 'asif' ] ]\" at path \"teamMember\""}
{"metadata":{"errors":{"teamMember.0":{"stringValue":"\"[ 'asif' ]\"","kind":"string","value":["asif"],"path":"teamMember.0","reason":null,"$originalErrorPath":"teamMember"},"teamMember":{"stringValue":"\"[ [ 'asif' ] ]\"","kind":"Array","value":[["asif"]],"path":"teamMember","reason":"teamMember"}},"_message":"Task validation failed","message":"Task validation failed: teamMember.0: Cast to string failed for value \"[ 'asif' ]\" at path \"teamMember\", teamMember: Cast to Array failed for value \"[ [ 'asif' ] ]\" at path \"teamMember\""},"level":"error","message":"Task validation failed: teamMember.0: Cast to string failed for value \"[ 'asif' ]\" at path \"teamMember\", teamMember: Cast to Array failed for value \"[ [ 'asif' ] ]\" at path \"teamMember\""}
{"metadata":{"errors":{"teamMember.0":{"stringValue":"\"[ 'asif' ]\"","kind":"string","value":["asif"],"path":"teamMember.0","reason":null,"$originalErrorPath":"teamMember"},"teamMember":{"stringValue":"\"[ [ 'asif' ] ]\"","kind":"Array","value":[["asif"]],"path":"teamMember","reason":"teamMember"}},"_message":"Task validation failed","message":"Task validation failed: teamMember.0: Cast to string failed for value \"[ 'asif' ]\" at path \"teamMember\", teamMember: Cast to Array failed for value \"[ [ 'asif' ] ]\" at path \"teamMember\""},"level":"error","message":"Task validation failed: teamMember.0: Cast to string failed for value \"[ 'asif' ]\" at path \"teamMember\", teamMember: Cast to Array failed for value \"[ [ 'asif' ] ]\" at path \"teamMember\""}
{"metadata":{"errors":{"teamMember.0":{"stringValue":"\"[ 'asif' ]\"","kind":"string","value":["asif"],"path":"teamMember.0","reason":null,"$originalErrorPath":"teamMember"},"teamMember":{"stringValue":"\"[ [ 'asif' ] ]\"","kind":"Array","value":[["asif"]],"path":"teamMember","reason":"teamMember"}},"_message":"Task validation failed","message":"Task validation failed: teamMember.0: Cast to string failed for value \"[ 'asif' ]\" at path \"teamMember\", teamMember: Cast to Array failed for value \"[ [ 'asif' ] ]\" at path \"teamMember\""},"level":"error","message":"Task validation failed: teamMember.0: Cast to string failed for value \"[ 'asif' ]\" at path \"teamMember\", teamMember: Cast to Array failed for value \"[ [ 'asif' ] ]\" at path \"teamMember\""}
{"metadata":{"errors":{"teamMember.0":{"stringValue":"\"[ 'asif' ]\"","kind":"string","value":["asif"],"path":"teamMember.0","reason":null,"$originalErrorPath":"teamMember"},"teamMember":{"stringValue":"\"[ [ 'asif' ] ]\"","kind":"Array","value":[["asif"]],"path":"teamMember","reason":"teamMember"}},"_message":"Task validation failed","message":"Task validation failed: teamMember.0: Cast to string failed for value \"[ 'asif' ]\" at path \"teamMember\", teamMember: Cast to Array failed for value \"[ [ 'asif' ] ]\" at path \"teamMember\""},"level":"error","message":"Task validation failed: teamMember.0: Cast to string failed for value \"[ 'asif' ]\" at path \"teamMember\", teamMember: Cast to Array failed for value \"[ [ 'asif' ] ]\" at path \"teamMember\""}
{"metadata":{"errors":{"teamMember.0":{"stringValue":"\"[ 'asif' ]\"","kind":"string","value":["asif"],"path":"teamMember.0","reason":null,"$originalErrorPath":"teamMember"},"teamMember":{"stringValue":"\"[ [ 'asif' ] ]\"","kind":"Array","value":[["asif"]],"path":"teamMember","reason":"teamMember"}},"_message":"Task validation failed","message":"Task validation failed: teamMember.0: Cast to string failed for value \"[ 'asif' ]\" at path \"teamMember\", teamMember: Cast to Array failed for value \"[ [ 'asif' ] ]\" at path \"teamMember\""},"level":"error","message":"Task validation failed: teamMember.0: Cast to string failed for value \"[ 'asif' ]\" at path \"teamMember\", teamMember: Cast to Array failed for value \"[ [ 'asif' ] ]\" at path \"teamMember\""}
{"metadata":{"errors":{"teamMember.0":{"stringValue":"\"[ 'asif' ]\"","kind":"string","value":["asif"],"path":"teamMember.0","reason":null,"$originalErrorPath":"teamMember"},"teamMember":{"stringValue":"\"[ [ 'asif' ] ]\"","kind":"Array","value":[["asif"]],"path":"teamMember","reason":"teamMember"}},"_message":"Task validation failed","message":"Task validation failed: teamMember.0: Cast to string failed for value \"[ 'asif' ]\" at path \"teamMember\", teamMember: Cast to Array failed for value \"[ [ 'asif' ] ]\" at path \"teamMember\""},"level":"error","message":"Task validation failed: teamMember.0: Cast to string failed for value \"[ 'asif' ]\" at path \"teamMember\", teamMember: Cast to Array failed for value \"[ [ 'asif' ] ]\" at path \"teamMember\""}
{"metadata":{"errors":{"startOn":{"stringValue":"\"NA\"","kind":"date","value":"NA","path":"startOn","reason":{"generatedMessage":true,"code":"ERR_ASSERTION","actual":false,"expected":true,"operator":"=="}},"endOn":{"stringValue":"\"NA\"","kind":"date","value":"NA","path":"endOn","reason":{"generatedMessage":true,"code":"ERR_ASSERTION","actual":false,"expected":true,"operator":"=="}}},"_message":"Task validation failed","message":"Task validation failed: startOn: Cast to date failed for value \"NA\" at path \"startOn\", endOn: Cast to date failed for value \"NA\" at path \"endOn\""},"level":"error","message":"Task validation failed: startOn: Cast to date failed for value \"NA\" at path \"startOn\", endOn: Cast to date failed for value \"NA\" at path \"endOn\""}
{"metadata":{"errors":{"startOn":{"stringValue":"\"NA\"","kind":"date","value":"NA","path":"startOn","reason":{"generatedMessage":true,"code":"ERR_ASSERTION","actual":false,"expected":true,"operator":"=="}},"endOn":{"stringValue":"\"NA\"","kind":"date","value":"NA","path":"endOn","reason":{"generatedMessage":true,"code":"ERR_ASSERTION","actual":false,"expected":true,"operator":"=="}}},"_message":"Task validation failed","message":"Task validation failed: startOn: Cast to date failed for value \"NA\" at path \"startOn\", endOn: Cast to date failed for value \"NA\" at path \"endOn\""},"level":"error","message":"Task validation failed: startOn: Cast to date failed for value \"NA\" at path \"startOn\", endOn: Cast to date failed for value \"NA\" at path \"endOn\""}
{"metadata":{"errors":{"startOn":{"stringValue":"\"NA\"","kind":"date","value":"NA","path":"startOn","reason":{"generatedMessage":true,"code":"ERR_ASSERTION","actual":false,"expected":true,"operator":"=="}},"endOn":{"stringValue":"\"NA\"","kind":"date","value":"NA","path":"endOn","reason":{"generatedMessage":true,"code":"ERR_ASSERTION","actual":false,"expected":true,"operator":"=="}}},"_message":"Task validation failed","message":"Task validation failed: startOn: Cast to date failed for value \"NA\" at path \"startOn\", endOn: Cast to date failed for value \"NA\" at path \"endOn\""},"level":"error","message":"Task validation failed: startOn: Cast to date failed for value \"NA\" at path \"startOn\", endOn: Cast to date failed for value \"NA\" at path \"endOn\""}
{"metadata":{"errors":{"startOn":{"stringValue":"\"NA\"","kind":"date","value":"NA","path":"startOn","reason":{"generatedMessage":true,"code":"ERR_ASSERTION","actual":false,"expected":true,"operator":"=="}},"endOn":{"stringValue":"\"NA\"","kind":"date","value":"NA","path":"endOn","reason":{"generatedMessage":true,"code":"ERR_ASSERTION","actual":false,"expected":true,"operator":"=="}}},"_message":"Task validation failed","message":"Task validation failed: startOn: Cast to date failed for value \"NA\" at path \"startOn\", endOn: Cast to date failed for value \"NA\" at path \"endOn\""},"level":"error","message":"Task validation failed: startOn: Cast to date failed for value \"NA\" at path \"startOn\", endOn: Cast to date failed for value \"NA\" at path \"endOn\""}
{"metadata":{"errors":{"startOn":{"stringValue":"\"NA\"","kind":"date","value":"NA","path":"startOn","reason":{"generatedMessage":true,"code":"ERR_ASSERTION","actual":false,"expected":true,"operator":"=="}},"endOn":{"stringValue":"\"NA\"","kind":"date","value":"NA","path":"endOn","reason":{"generatedMessage":true,"code":"ERR_ASSERTION","actual":false,"expected":true,"operator":"=="}}},"_message":"Task validation failed","message":"Task validation failed: startOn: Cast to date failed for value \"NA\" at path \"startOn\", endOn: Cast to date failed for value \"NA\" at path \"endOn\""},"level":"error","message":"Task validation failed: startOn: Cast to date failed for value \"NA\" at path \"startOn\", endOn: Cast to date failed for value \"NA\" at path \"endOn\""}
{"metadata":{},"level":"error","message":"startOn is not defined"}
{"metadata":{},"level":"error","message":"startOn is not defined"}
{"metadata":{},"level":"error","message":"startOn is not defined"}
{"metadata":{},"level":"error","message":"startOn is not defined"}
{"metadata":{},"level":"error","message":"startOn is not defined"}
{"metadata":{},"level":"error","message":"Operation `projects.find()` buffering timed out after 10000ms"}
{"metadata":{},"level":"error","message":"Operation `tasks.find()` buffering timed out after 10000ms"}
{"metadata":{},"level":"error","message":"Operation `projects.find()` buffering timed out after 10000ms"}
{"metadata":{},"level":"error","message":"Operation `tasks.find()` buffering timed out after 10000ms"}
